[2026-04-17 15:51:56] - INFO - Conectando a la base de datos 'recursos' en 200.45.208.56...
[2026-04-17 15:51:56] - INFO - Conexión establecida con 'recursos' en 200.45.208.56.
[2026-04-17 15:51:56] - INFO - Inicializando LibreHardwareMonitor...
[2026-04-17 15:52:01] - INFO - Cache cargada: 6 componentes, 47 sensores (0 con patrón wildcard).
[2026-04-17 15:52:01] - INFO - Construyendo plan de sensores (resolución única de IDs)...
[2026-04-17 15:52:01] - INFO - Plan de sensores construido: 44 sensores activos, 151 descartados sin ID en BD.
[2026-04-17 15:52:01] - INFO - Iniciando captura de telemetria en tabla recursos_julian (Intervalo: 10s)...
[2026-04-17 15:52:01] - INFO - Hilo productor de sensores iniciado.
[2026-04-17 15:52:02] - INFO - Inserción OK: 44 registros insertados en 'recursos_julian'.
[2026-04-17 15:52:12] - INFO - Inserción OK: 44 registros insertados en 'recursos_julian'.
[2026-04-17 15:52:22] - INFO - Deteniendo captura de telemetria por orden del usuario (Ctrl+C).
[2026-04-17 15:52:22] - INFO - Señalizando apagado a los hilos...
[2026-04-17 15:52:22] - INFO - Hilo productor finalizado.
[2026-04-17 15:52:22] - INFO - Cerrando LibreHardwareMonitor...
[2026-04-17 15:52:22] - INFO - Conexión con la base de datos cerrada.
[2026-04-17 15:52:22] - INFO - Recursos liberados. Script finalizado.
[2026-04-17 15:53:10] - INFO - Conectando a la base de datos 'recursos' en 200.45.208.56...
[2026-04-17 15:53:10] - INFO - Conexión establecida con 'recursos' en 200.45.208.56.
[2026-04-17 15:53:10] - INFO - Inicializando LibreHardwareMonitor...
[2026-04-17 15:53:15] - INFO - Cache cargada: 6 componentes, 47 sensores (0 con patrón wildcard).
[2026-04-17 15:53:15] - INFO - Construyendo plan de sensores (resolución única de IDs)...
[2026-04-17 15:53:16] - INFO - Plan de sensores construido: 44 sensores activos, 151 descartados sin ID en BD.
[2026-04-17 15:53:16] - INFO - Iniciando captura de telemetria en tabla recursos_julian (Intervalo: 10s)...
[2026-04-17 15:53:16] - INFO - Hilo productor de sensores iniciado.
[2026-04-17 15:53:16] - INFO - Inserción OK: 44 registros insertados en 'recursos_julian'.
[2026-04-17 15:53:26] - INFO - Deteniendo captura de telemetria por orden del usuario (Ctrl+C).
[2026-04-17 15:53:26] - INFO - Señalizando apagado a los hilos...
[2026-04-17 15:53:26] - INFO - Hilo productor finalizado.
[2026-04-17 15:53:26] - INFO - Cerrando LibreHardwareMonitor...
[2026-04-17 15:53:26] - INFO - Conexión con la base de datos cerrada.
[2026-04-17 15:53:26] - INFO - Recursos liberados. Script finalizado.
